#
# A fatal error has been detected by the Java Runtime Environment:
#
#  EXCEPTION_ACCESS_VIOLATION (0xc0000005) at pc=0x000000005a797407, pid=964, tid=7236
#
# JRE version: Java(TM) SE Runtime Environment (7.0_75-b13) (build 1.7.0_75-b13)
# Java VM: Java HotSpot(TM) 64-Bit Server VM (24.75-b04 mixed mode windows-amd64 compressed oops)
# Problematic frame:
# V  [jvm.dll+0x487407]
#
# Failed to write core dump. Minidumps are not enabled by default on client versions of Windows
#
# If you would like to submit a bug report, please visit:
#   http://bugreport.sun.com/bugreport/crash.jsp
#

---------------  T H R E A D  ---------------

Current thread (0x0000000008c92000):  JavaThread "C2 CompilerThread1" daemon [_thread_in_native, id=7236, stack(0x000000000a7d0000,0x000000000a8d0000)]

siginfo: ExceptionCode=0xc0000005, reading address 0xffffffffffffffff

Registers:
RAX=0x000000005a8e9e34, RBX=0x000000000c7dc008, RCX=0x000000000c7dc008, RDX=0x0000000000000000
RSP=0x000000000a8cc750, RBP=0x0000000000000004, RSI=0x000000000dd7bbf8, RDI=0x000000000000000a
R8 =0x0000000000000000, R9 =0xffffffffffffffff, R10=0x000000000d97f350, R11=0x000000000a8cc3d0
R12=0xffffffffffffef40, R13=0x0000000000000020, R14=0x000000000f6b2300, R15=0x00000000ffffffff
RIP=0x000000005a797407, EFLAGS=0x0000000000010246

Top of Stack: (sp=0x000000000a8cc750)
0x000000000a8cc750:   000000000d716940 000000000000042f
0x000000000a8cc760:   000000000e76d9f8 0000000000462540
0x000000000a8cc770:   0000098c00480001 0000007600000001
0x000000000a8cc780:   000000000000042f 00000000000003b0
0x000000000a8cc790:   0000000000002180 000000000000000f
0x000000000a8cc7a0:   00000000000010c0 00000000ffffffff
0x000000000a8cc7b0:   0000000000004300 000000000dd7ec60
0x000000000a8cc7c0:   000000000dd7cae0 000000000dd7dba0
0x000000000a8cc7d0:   000000000dd7ba20 000000005a3bd4f5
0x000000000a8cc7e0:   00000000000010bc 000000005a71baa0
0x000000000a8cc7f0:   0000000008c8ff50 0000000000000000
0x000000000a8cc800:   000000000dd7a960 0000000000002178
0x000000000a8cc810:   000000000000042f 0000000000001000
0x000000000a8cc820:   000000000f193a50 000000000a8ced40
0x000000000a8cc830:   000000000a8ced40 000000005a798c26
0x000000000a8cc840:   000000000a8ced40 000000000dd7a960 

Instructions: (pc=0x000000005a797407)
0x000000005a7973e7:   8b 46 20 49 8b 5c 05 00 eb 02 33 db 0f b6 43 2c
0x000000005a7973f7:   24 03 3c 02 0f 85 f4 00 00 00 48 8b 03 48 8b cb
0x000000005a797407:   ff 90 f8 00 00 00 48 8b cb 8d 7c 07 ff 48 8b 03
0x000000005a797417:   ff 90 08 01 00 00 4c 8b 84 24 08 01 00 00 41 01 


Register to memory mapping:

RAX=0x000000005a8e9e34 is an unknown value
RBX=0x000000000c7dc008 is an unknown value
RCX=0x000000000c7dc008 is an unknown value
RDX=0x0000000000000000 is an unknown value
RSP=0x000000000a8cc750 is pointing into the stack for thread: 0x0000000008c92000
RBP=0x0000000000000004 is an unknown value
RSI=0x000000000dd7bbf8 is an unknown value
RDI=0x000000000000000a is an unknown value
R8 =0x0000000000000000 is an unknown value
R9 =0xffffffffffffffff is an unknown value
R10=0x000000000d97f350 is an unknown value
R11=0x000000000a8cc3d0 is pointing into the stack for thread: 0x0000000008c92000
R12=0xffffffffffffef40 is an unknown value
R13=0x0000000000000020 is an unknown value
R14=0x000000000f6b2300 is an unknown value
R15=0x00000000ffffffff is an unallocated location in the heap


Stack: [0x000000000a7d0000,0x000000000a8d0000],  sp=0x000000000a8cc750,  free space=1009k
Native frames: (J=compiled Java code, j=interpreted, Vv=VM code, C=native code)
V  [jvm.dll+0x487407]


Current CompileTask:
C2:  78479 1113             org.codehaus.groovy.control.ResolveVisitor::resolveFromModule (566 bytes)


---------------  P R O C E S S  ---------------

Java Threads: ( => current thread )
  0x000000000e1b3000 JavaThread "Stdin handler" [_thread_blocked, id=4848, stack(0x000000000e610000,0x000000000e710000)]
  0x000000000e1b4000 JavaThread "Cancel handler" [_thread_blocked, id=6968, stack(0x000000000d080000,0x000000000d180000)]
  0x000000000e1b1800 JavaThread "Handler for socket connection from /127.0.0.1:50393 to /127.0.0.1:50404" [_thread_in_native, id=6192, stack(0x000000000ce50000,0x000000000cf50000)]
  0x000000000c068000 JavaThread "File lock request listener" [_thread_in_native, id=1932, stack(0x000000000d4a0000,0x000000000d5a0000)]
  0x000000000adcf000 JavaThread "Daemon worker" [_thread_in_Java, id=3712, stack(0x000000000d310000,0x000000000d410000)]
  0x000000000b362800 JavaThread "Daemon" [_thread_blocked, id=8104, stack(0x000000000ccb0000,0x000000000cdb0000)]
  0x000000000b471000 JavaThread "Incoming local TCP Connector on port 50393" [_thread_in_native, id=5980, stack(0x000000000c9d0000,0x000000000cad0000)]
  0x0000000008c9f000 JavaThread "Service Thread" daemon [_thread_blocked, id=3964, stack(0x000000000a9f0000,0x000000000aaf0000)]
=>0x0000000008c92000 JavaThread "C2 CompilerThread1" daemon [_thread_in_native, id=7236, stack(0x000000000a7d0000,0x000000000a8d0000)]
  0x0000000008c8f800 JavaThread "C2 CompilerThread0" daemon [_thread_blocked, id=4928, stack(0x000000000a640000,0x000000000a740000)]
  0x0000000008c8c800 JavaThread "Attach Listener" daemon [_thread_blocked, id=1812, stack(0x000000000a400000,0x000000000a500000)]
  0x0000000008c87800 JavaThread "Signal Dispatcher" daemon [_thread_blocked, id=5576, stack(0x000000000a260000,0x000000000a360000)]
  0x0000000008c35000 JavaThread "Finalizer" daemon [_thread_blocked, id=5324, stack(0x000000000a100000,0x000000000a200000)]
  0x0000000008c2e000 JavaThread "Reference Handler" daemon [_thread_blocked, id=7980, stack(0x0000000009f20000,0x000000000a020000)]
  0x000000000230e000 JavaThread "main" [_thread_blocked, id=3116, stack(0x0000000002600000,0x0000000002700000)]

Other Threads:
  0x0000000008c2a800 VMThread [stack: 0x0000000009cc0000,0x0000000009dc0000] [id=7944]
  0x0000000008ca8800 WatcherThread [stack: 0x000000000a530000,0x000000000a630000] [id=7868]

VM state:not at safepoint (normal execution)

VM Mutex/Monitor currently owned by a thread: None

Heap
 PSYoungGen      total 319488K, used 123099K [0x00000000eaa80000, 0x00000000ff880000, 0x0000000100000000)
  eden space 299008K, 41% used [0x00000000eaa80000,0x00000000f22b6e28,0x00000000fce80000)
  from space 20480K, 0% used [0x00000000fe480000,0x00000000fe480000,0x00000000ff880000)
  to   space 21504K, 0% used [0x00000000fce80000,0x00000000fce80000,0x00000000fe380000)
 ParOldGen       total 74752K, used 31432K [0x00000000c0000000, 0x00000000c4900000, 0x00000000eaa80000)
  object space 74752K, 42% used [0x00000000c0000000,0x00000000c1eb2298,0x00000000c4900000)
 PSPermGen       total 89088K, used 43216K [0x00000000b0000000, 0x00000000b5700000, 0x00000000c0000000)
  object space 89088K, 48% used [0x00000000b0000000,0x00000000b2a34208,0x00000000b5700000)

Card table byte_map: [0x0000000005700000,0x0000000005990000] byte_map_base: 0x0000000005180000

Polling page: 0x0000000000130000

Code Cache  [0x0000000002700000, 0x0000000002b80000, 0x0000000005700000)
 total_blobs=1648 nmethods=1031 adapters=567 free_code_cache=44662Kb largest_free_block=45626880

Compilation events (10 events):
Event: 77.986 Thread 0x0000000008c92000 1108             com.google.common.collect.MapMakerInternalMap::expiresAfterAccess (15 bytes)
Event: 77.987 Thread 0x0000000008c92000 nmethod 1108 0x0000000002910590 code [0x00000000029106c0, 0x0000000002910718]
Event: 77.996 Thread 0x0000000008c92000 1109             org.codehaus.groovy.ast.ClassNode::<init> (201 bytes)
Event: 78.009 Thread 0x0000000008c92000 nmethod 1109 0x0000000002b25590 code [0x0000000002b25700, 0x0000000002b25ad8]
Event: 78.014 Thread 0x0000000008c92000 1111             java.util.AbstractQueue::add (20 bytes)
Event: 78.015 Thread 0x0000000008c92000 nmethod 1111 0x0000000002b25310 code [0x0000000002b25460, 0x0000000002b254d8]
Event: 78.032 Thread 0x0000000008c92000 1112             com.google.common.collect.MapMakerInternalMap$Segment::getEntry (80 bytes)
Event: 78.038 Thread 0x0000000008c92000 nmethod 1112 0x0000000002b24c90 code [0x0000000002b24de0, 0x0000000002b24f98]
Event: 78.076 Thread 0x0000000008c92000 1113             org.codehaus.groovy.control.ResolveVisitor::resolveFromModule (566 bytes)
Event: 78.213 Thread 0x0000000008c8f800 nmethod 1085 0x0000000002b6c810 code [0x0000000002b6dd60, 0x0000000002b758a0]

GC Heap History (10 events):
Event: 23.056 GC heap before
{Heap before GC invocations=8 (full 0):
 PSYoungGen      total 139264K, used 139264K [0x00000000eaa80000, 0x00000000fc480000, 0x0000000100000000)
  eden space 131072K, 100% used [0x00000000eaa80000,0x00000000f2a80000,0x00000000f2a80000)
  from space 8192K, 100% used [0x00000000f2a80000,0x00000000f3280000,0x00000000f3280000)
  to   space 13312K, 0% used [0x00000000fb780000,0x00000000fb780000,0x00000000fc480000)
 ParOldGen       total 42496K, used 20765K [0x00000000c0000000, 0x00000000c2980000, 0x00000000eaa80000)
  object space 42496K, 48% used [0x00000000c0000000,0x00000000c1447588,0x00000000c2980000)
 PSPermGen       total 37888K, used 37642K [0x00000000b0000000, 0x00000000b2500000, 0x00000000c0000000)
  object space 37888K, 99% used [0x00000000b0000000,0x00000000b24c2978,0x00000000b2500000)
Event: 23.631 GC heap after
Heap after GC invocations=8 (full 0):
 PSYoungGen      total 267264K, used 13297K [0x00000000eaa80000, 0x00000000fd480000, 0x0000000100000000)
  eden space 253952K, 0% used [0x00000000eaa80000,0x00000000eaa80000,0x00000000fa280000)
  from space 13312K, 99% used [0x00000000fb780000,0x00000000fc47c480,0x00000000fc480000)
  to   space 21504K, 0% used [0x00000000fa280000,0x00000000fa280000,0x00000000fb780000)
 ParOldGen       total 42496K, used 34811K [0x00000000c0000000, 0x00000000c2980000, 0x00000000eaa80000)
  object space 42496K, 81% used [0x00000000c0000000,0x00000000c21feed0,0x00000000c2980000)
 PSPermGen       total 37888K, used 37642K [0x00000000b0000000, 0x00000000b2500000, 0x00000000c0000000)
  object space 37888K, 99% used [0x00000000b0000000,0x00000000b24c2978,0x00000000b2500000)
}
Event: 23.631 GC heap before
{Heap before GC invocations=9 (full 1):
 PSYoungGen      total 267264K, used 13297K [0x00000000eaa80000, 0x00000000fd480000, 0x0000000100000000)
  eden space 253952K, 0% used [0x00000000eaa80000,0x00000000eaa80000,0x00000000fa280000)
  from space 13312K, 99% used [0x00000000fb780000,0x00000000fc47c480,0x00000000fc480000)
  to   space 21504K, 0% used [0x00000000fa280000,0x00000000fa280000,0x00000000fb780000)
 ParOldGen       total 42496K, used 34811K [0x00000000c0000000, 0x00000000c2980000, 0x00000000eaa80000)
  object space 42496K, 81% used [0x00000000c0000000,0x00000000c21feed0,0x00000000c2980000)
 PSPermGen       total 37888K, used 37642K [0x00000000b0000000, 0x00000000b2500000, 0x00000000c0000000)
  object space 37888K, 99% used [0x00000000b0000000,0x00000000b24c2978,0x00000000b2500000)
Event: 25.389 GC heap after
Heap after GC invocations=9 (full 1):
 PSYoungGen      total 267264K, used 0K [0x00000000eaa80000, 0x00000000fd480000, 0x0000000100000000)
  eden space 253952K, 0% used [0x00000000eaa80000,0x00000000eaa80000,0x00000000fa280000)
  from space 13312K, 0% used [0x00000000fb780000,0x00000000fb780000,0x00000000fc480000)
  to   space 21504K, 0% used [0x00000000fa280000,0x00000000fa280000,0x00000000fb780000)
 ParOldGen       total 74752K, used 35581K [0x00000000c0000000, 0x00000000c4900000, 0x00000000eaa80000)
  object space 74752K, 47% used [0x00000000c0000000,0x00000000c22bf558,0x00000000c4900000)
 PSPermGen       total 75776K, used 37623K [0x00000000b0000000, 0x00000000b4a00000, 0x00000000c0000000)
  object space 75776K, 49% used [0x00000000b0000000,0x00000000b24bde20,0x00000000b4a00000)
}
Event: 44.451 GC heap before
{Heap before GC invocations=10 (full 1):
 PSYoungGen      total 267264K, used 253952K [0x00000000eaa80000, 0x00000000fd480000, 0x0000000100000000)
  eden space 253952K, 100% used [0x00000000eaa80000,0x00000000fa280000,0x00000000fa280000)
  from space 13312K, 0% used [0x00000000fb780000,0x00000000fb780000,0x00000000fc480000)
  to   space 21504K, 0% used [0x00000000fa280000,0x00000000fa280000,0x00000000fb780000)
 ParOldGen       total 74752K, used 35581K [0x00000000c0000000, 0x00000000c4900000, 0x00000000eaa80000)
  object space 74752K, 47% used [0x00000000c0000000,0x00000000c22bf558,0x00000000c4900000)
 PSPermGen       total 75776K, used 41515K [0x00000000b0000000, 0x00000000b4a00000, 0x00000000c0000000)
  object space 75776K, 54% used [0x00000000b0000000,0x00000000b288aca8,0x00000000b4a00000)
Event: 44.520 GC heap after
Heap after GC invocations=10 (full 1):
 PSYoungGen      total 275456K, used 13991K [0x00000000eaa80000, 0x00000000ffa80000, 0x0000000100000000)
  eden space 253952K, 0% used [0x00000000eaa80000,0x00000000eaa80000,0x00000000fa280000)
  from space 21504K, 65% used [0x00000000fa280000,0x00000000fb029e38,0x00000000fb780000)
  to   space 22528K, 0% used [0x00000000fe480000,0x00000000fe480000,0x00000000ffa80000)
 ParOldGen       total 74752K, used 35581K [0x00000000c0000000, 0x00000000c4900000, 0x00000000eaa80000)
  object space 74752K, 47% used [0x00000000c0000000,0x00000000c22bf558,0x00000000c4900000)
 PSPermGen       total 75776K, used 41515K [0x00000000b0000000, 0x00000000b4a00000, 0x00000000c0000000)
  object space 75776K, 54% used [0x00000000b0000000,0x00000000b288aca8,0x00000000b4a00000)
}
Event: 50.137 GC heap before
{Heap before GC invocations=11 (full 1):
 PSYoungGen      total 275456K, used 139200K [0x00000000eaa80000, 0x00000000ffa80000, 0x0000000100000000)
  eden space 253952K, 49% used [0x00000000eaa80000,0x00000000f24c6308,0x00000000fa280000)
  from space 21504K, 65% used [0x00000000fa280000,0x00000000fb029e38,0x00000000fb780000)
  to   space 22528K, 0% used [0x00000000fe480000,0x00000000fe480000,0x00000000ffa80000)
 ParOldGen       total 74752K, used 35581K [0x00000000c0000000, 0x00000000c4900000, 0x00000000eaa80000)
  object space 74752K, 47% used [0x00000000c0000000,0x00000000c22bf558,0x00000000c4900000)
 PSPermGen       total 75776K, used 42977K [0x00000000b0000000, 0x00000000b4a00000, 0x00000000c0000000)
  object space 75776K, 56% used [0x00000000b0000000,0x00000000b29f8688,0x00000000b4a00000)
Event: 50.176 GC heap after
Heap after GC invocations=11 (full 1):
 PSYoungGen      total 319488K, used 7668K [0x00000000eaa80000, 0x00000000ff880000, 0x0000000100000000)
  eden space 299008K, 0% used [0x00000000eaa80000,0x00000000eaa80000,0x00000000fce80000)
  from space 20480K, 37% used [0x00000000fe480000,0x00000000febfd388,0x00000000ff880000)
  to   space 21504K, 0% used [0x00000000fce80000,0x00000000fce80000,0x00000000fe380000)
 ParOldGen       total 74752K, used 35589K [0x00000000c0000000, 0x00000000c4900000, 0x00000000eaa80000)
  object space 74752K, 47% used [0x00000000c0000000,0x00000000c22c1558,0x00000000c4900000)
 PSPermGen       total 75776K, used 42977K [0x00000000b0000000, 0x00000000b4a00000, 0x00000000c0000000)
  object space 75776K, 56% used [0x00000000b0000000,0x00000000b29f8688,0x00000000b4a00000)
}
Event: 50.176 GC heap before
{Heap before GC invocations=12 (full 2):
 PSYoungGen      total 319488K, used 7668K [0x00000000eaa80000, 0x00000000ff880000, 0x0000000100000000)
  eden space 299008K, 0% used [0x00000000eaa80000,0x00000000eaa80000,0x00000000fce80000)
  from space 20480K, 37% used [0x00000000fe480000,0x00000000febfd388,0x00000000ff880000)
  to   space 21504K, 0% used [0x00000000fce80000,0x00000000fce80000,0x00000000fe380000)
 ParOldGen       total 74752K, used 35589K [0x00000000c0000000, 0x00000000c4900000, 0x00000000eaa80000)
  object space 74752K, 47% used [0x00000000c0000000,0x00000000c22c1558,0x00000000c4900000)
 PSPermGen       total 75776K, used 42977K [0x00000000b0000000, 0x00000000b4a00000, 0x00000000c0000000)
  object space 75776K, 56% used [0x00000000b0000000,0x00000000b29f8688,0x00000000b4a00000)
Event: 50.696 GC heap after
Heap after GC invocations=12 (full 2):
 PSYoungGen      total 319488K, used 0K [0x00000000eaa80000, 0x00000000ff880000, 0x0000000100000000)
  eden space 299008K, 0% used [0x00000000eaa80000,0x00000000eaa80000,0x00000000fce80000)
  from space 20480K, 0% used [0x00000000fe480000,0x00000000fe480000,0x00000000ff880000)
  to   space 21504K, 0% used [0x00000000fce80000,0x00000000fce80000,0x00000000fe380000)
 ParOldGen       total 74752K, used 31432K [0x00000000c0000000, 0x00000000c4900000, 0x00000000eaa80000)
  object space 74752K, 42% used [0x00000000c0000000,0x00000000c1eb2298,0x00000000c4900000)
 PSPermGen       total 89088K, used 42938K [0x00000000b0000000, 0x00000000b5700000, 0x00000000c0000000)
  object space 89088K, 48% used [0x00000000b0000000,0x00000000b29ee8a0,0x00000000b5700000)
}

Deoptimization events (10 events):
Event: 77.106 Thread 0x000000000adcf000 Uncommon trap: reason=class_check action=maybe_recompile pc=0x00000000029bf394 method=org.codehaus.groovy.util.AbstractConcurrentMap.segmentFor(I)Lorg/codehaus/groovy/util/AbstractConcurrentMap$Segment; @ 5
Event: 77.160 Thread 0x000000000adcf000 Uncommon trap: reason=null_check action=make_not_entrant pc=0x0000000002b2c1e8 method=groovyjarjarantlr.CharScanner.testLiteralsTable(I)I @ 32
Event: 77.209 Thread 0x000000000adcf000 Uncommon trap: reason=class_check action=maybe_recompile pc=0x00000000029bf394 method=org.codehaus.groovy.util.AbstractConcurrentMap.segmentFor(I)Lorg/codehaus/groovy/util/AbstractConcurrentMap$Segment; @ 5
Event: 77.209 Thread 0x000000000adcf000 Uncommon trap: reason=class_check action=maybe_recompile pc=0x00000000029bf394 method=org.codehaus.groovy.util.AbstractConcurrentMap.segmentFor(I)Lorg/codehaus/groovy/util/AbstractConcurrentMap$Segment; @ 5
Event: 77.645 Thread 0x000000000adcf000 Uncommon trap: reason=class_check action=maybe_recompile pc=0x0000000002b2939c method=groovyjarjarantlr.CommonAST.initialize(Lgroovyjarjarantlr/Token;)V @ 2
Event: 77.647 Thread 0x000000000adcf000 Uncommon trap: reason=unreached action=reinterpret pc=0x0000000002a48208 method=groovyjarjarantlr.ASTFactory.make([Lgroovyjarjarantlr/collections/AST;)Lgroovyjarjarantlr/collections/AST; @ 109
Event: 77.647 Thread 0x000000000adcf000 Uncommon trap: reason=class_check action=maybe_recompile pc=0x0000000002b2939c method=groovyjarjarantlr.CommonAST.initialize(Lgroovyjarjarantlr/Token;)V @ 2
Event: 77.647 Thread 0x000000000adcf000 Uncommon trap: reason=class_check action=maybe_recompile pc=0x0000000002b2939c method=groovyjarjarantlr.CommonAST.initialize(Lgroovyjarjarantlr/Token;)V @ 2
Event: 77.648 Thread 0x000000000adcf000 Uncommon trap: reason=class_check action=maybe_recompile pc=0x0000000002b2939c method=groovyjarjarantlr.CommonAST.initialize(Lgroovyjarjarantlr/Token;)V @ 2
Event: 77.751 Thread 0x000000000adcf000 Uncommon trap: reason=unreached action=reinterpret pc=0x0000000002a4505c method=org.codehaus.groovy.antlr.AntlrParserPlugin.isType(ILgroovyjarjarantlr/collections/AST;)Z @ 1

Internal exceptions (10 events):
Event: 78.412 Thread 0x000000000adcf000 Threw 0x00000000f1aae128 at C:\re\jdk7u75\1940\hotspot\src\share\vm\prims\jvm.cpp:1281
Event: 78.412 Thread 0x000000000adcf000 Threw 0x00000000f1ab28e0 at C:\re\jdk7u75\1940\hotspot\src\share\vm\prims\jvm.cpp:1281
Event: 78.412 Thread 0x000000000adcf000 Threw 0x00000000f1abba48 at C:\re\jdk7u75\1940\hotspot\src\share\vm\prims\jvm.cpp:1281
Event: 78.412 Thread 0x000000000adcf000 Threw 0x00000000f1abcd30 at C:\re\jdk7u75\1940\hotspot\src\share\vm\prims\jvm.cpp:1281
Event: 78.413 Thread 0x000000000adcf000 Threw 0x00000000f1acc128 at C:\re\jdk7u75\1940\hotspot\src\share\vm\prims\jvm.cpp:1281
Event: 78.413 Thread 0x000000000adcf000 Threw 0x00000000f1accfe8 at C:\re\jdk7u75\1940\hotspot\src\share\vm\prims\jvm.cpp:1281
Event: 78.413 Thread 0x000000000adcf000 Threw 0x00000000f1acdd48 at C:\re\jdk7u75\1940\hotspot\src\share\vm\prims\jvm.cpp:1281
Event: 78.413 Thread 0x000000000adcf000 Threw 0x00000000f1ad1d30 at C:\re\jdk7u75\1940\hotspot\src\share\vm\prims\jvm.cpp:1281
Event: 78.413 Thread 0x000000000adcf000 Threw 0x00000000f1ad9d50 at C:\re\jdk7u75\1940\hotspot\src\share\vm\prims\jvm.cpp:1281
Event: 78.413 Thread 0x000000000adcf000 Threw 0x00000000f1adb020 at C:\re\jdk7u75\1940\hotspot\src\share\vm\prims\jvm.cpp:1281

Events (10 events):
Event: 78.412 loading class 0x000000000e258fb0
Event: 78.412 loading class 0x000000000e258fb0 done
Event: 78.412 loading class 0x000000000e258fb0
Event: 78.412 loading class 0x000000000e258fb0 done
Event: 78.413 loading class 0x000000000c5c0600
Event: 78.413 loading class 0x000000000c5c0600 done
Event: 78.413 loading class 0x000000000c5c0600
Event: 78.413 loading class 0x000000000c5c0600 done
Event: 78.414 loading class 0x000000000e258ff0
Event: 78.414 loading class 0x000000000e258ff0 done


Dynamic libraries:
0x000000013f1a0000 - 0x000000013f1d3000 	C:\Program Files\Java\jdk1.7.0_75\bin\java.exe
0x0000000077aa0000 - 0x0000000077c48000 	C:\Windows\SYSTEM32\ntdll.dll
0x0000000077880000 - 0x000000007799f000 	C:\Windows\system32\kernel32.dll
0x000007fefd950000 - 0x000007fefd9bc000 	C:\Windows\system32\KERNELBASE.dll
0x000007fefe0c0000 - 0x000007fefe19b000 	C:\Windows\system32\ADVAPI32.dll
0x000007feffa10000 - 0x000007feffaaf000 	C:\Windows\system32\msvcrt.dll
0x000007fefe020000 - 0x000007fefe03f000 	C:\Windows\SYSTEM32\sechost.dll
0x000007fefdc70000 - 0x000007fefdd9d000 	C:\Windows\system32\RPCRT4.dll
0x00000000779a0000 - 0x0000000077a9a000 	C:\Windows\system32\USER32.dll
0x000007feff920000 - 0x000007feff987000 	C:\Windows\system32\GDI32.dll
0x000007feffab0000 - 0x000007feffabe000 	C:\Windows\system32\LPK.dll
0x000007fefdda0000 - 0x000007fefde69000 	C:\Windows\system32\USP10.dll
0x000007fefc2c0000 - 0x000007fefc4b4000 	C:\Windows\WinSxS\amd64_microsoft.windows.common-controls_6595b64144ccf1df_6.0.7601.18807_none_fa381d5f175bfb52\COMCTL32.dll
0x000007feff990000 - 0x000007feffa01000 	C:\Windows\system32\SHLWAPI.dll
0x000007fefe5f0000 - 0x000007fefe61e000 	C:\Windows\system32\IMM32.DLL
0x000007fefe1a0000 - 0x000007fefe2a9000 	C:\Windows\system32\MSCTF.dll
0x000000005c910000 - 0x000000005c9e2000 	C:\Program Files\Java\jdk1.7.0_75\jre\bin\msvcr100.dll
0x000000005a310000 - 0x000000005aae4000 	C:\Program Files\Java\jdk1.7.0_75\jre\bin\server\jvm.dll
0x000007fef8cf0000 - 0x000007fef8cf9000 	C:\Windows\system32\WSOCK32.dll
0x000007fefdc20000 - 0x000007fefdc6d000 	C:\Windows\system32\WS2_32.dll
0x000007fefe310000 - 0x000007fefe318000 	C:\Windows\system32\NSI.dll
0x000007fefb850000 - 0x000007fefb88b000 	C:\Windows\system32\WINMM.dll
0x0000000077c70000 - 0x0000000077c77000 	C:\Windows\system32\PSAPI.DLL
0x000000005cca0000 - 0x000000005ccaf000 	C:\Program Files\Java\jdk1.7.0_75\jre\bin\verify.dll
0x000000005c870000 - 0x000000005c898000 	C:\Program Files\Java\jdk1.7.0_75\jre\bin\java.dll
0x000000005cc80000 - 0x000000005cc95000 	C:\Program Files\Java\jdk1.7.0_75\jre\bin\zip.dll
0x0000000064610000 - 0x0000000064629000 	C:\Program Files\Java\jdk1.7.0_75\jre\bin\net.dll
0x000007fefd000000 - 0x000007fefd055000 	C:\Windows\system32\mswsock.dll
0x000007fefcff0000 - 0x000007fefcff7000 	C:\Windows\System32\wship6.dll
0x000000005d950000 - 0x000000005d961000 	C:\Program Files\Java\jdk1.7.0_75\jre\bin\nio.dll
0x000007fefd060000 - 0x000007fefd078000 	C:\Windows\system32\CRYPTSP.dll
0x000007fefcd60000 - 0x000007fefcda7000 	C:\Windows\system32\rsaenh.dll
0x000007fefd880000 - 0x000007fefd89e000 	C:\Windows\system32\USERENV.dll
0x000007fefd870000 - 0x000007fefd87f000 	C:\Windows\system32\profapi.dll
0x000007fefd700000 - 0x000007fefd70f000 	C:\Windows\system32\CRYPTBASE.dll
0x000007fefa980000 - 0x000007fefa9a7000 	C:\Windows\system32\IPHLPAPI.DLL
0x000007fefa960000 - 0x000007fefa96b000 	C:\Windows\system32\WINNSI.DLL
0x000007fefa6b0000 - 0x000007fefa6c8000 	C:\Windows\system32\dhcpcsvc.DLL
0x000007fefa690000 - 0x000007fefa6a1000 	C:\Windows\system32\dhcpcsvc6.DLL
0x000007fef4a90000 - 0x000007fef4aa2000 	C:\Users\Xingke\AppData\Local\Temp\native-platform7594445850145851108dir\native-platform.dll
0x000007fefd6a0000 - 0x000007fefd6f7000 	C:\Windows\system32\apphelp.dll
0x000007fef35c0000 - 0x000007fef36e5000 	C:\Windows\system32\dbghelp.dll

VM Arguments:
jvm_args: -XX:MaxPermSize=256m -XX:+HeapDumpOnOutOfMemoryError -Xmx1024m -Dfile.encoding=windows-1252 -Duser.country=CO -Duser.language=es -Duser.variant 
java_command: org.gradle.launcher.daemon.bootstrap.GradleDaemon 2.2.1 C:\Users\Xingke\.gradle\daemon 10800000 252cad71-33ac-48f0-a95a-6f98d3c317bb -XX:MaxPermSize=256m -XX:+HeapDumpOnOutOfMemoryError -Xmx1024m -Dfile.encoding=windows-1252 -Duser.country=CO -Duser.language=es -Duser.variant
Launcher Type: SUN_STANDARD

Environment Variables:
PATH=C:\Xilinx\10.1\ISE\bin\nt64;C:\Xilinx\10.1\ISE\lib\nt64;C:\Xilinx\10.1\ISE\smartmodel\nt\installed_nt\lib\pcnt.lib;C:\Program Files (x86)\Intel\iCLS Client\;C:\Program Files\Intel\iCLS Client\;C:\Windows\system32;C:\Windows;C:\Windows\System32\Wbem;C:\Windows\System32\WindowsPowerShell\v1.0\;C:\Program Files\Intel\WiFi\bin\;C:\Program Files\Common Files\Intel\WirelessCommon\;C:\Program Files (x86)\Intel\OpenCL SDK\2.0\bin\x86;C:\Program Files (x86)\Intel\OpenCL SDK\2.0\bin\x64;C:\Program Files\Intel\Intel(R) Management Engine Components\DAL;C:\Program Files\Intel\Intel(R) Management Engine Components\IPT;C:\Program Files (x86)\Intel\Intel(R) Management Engine Components\DAL;C:\Program Files (x86)\Intel\Intel(R) Management Engine Components\IPT;C:\Program Files\Condusiv Technologies\ExpressCache\;C:\Program Files\Calibre2\;C:\Program Files\Java\jdk1.7.0_75\bin\;C:\Program Files (x86)\Skype\Phone\;C:\Program Files\Intel\WiFi\bin\;C:\Program Files\Common Files\Intel\WirelessCommon\
USERNAME=Xingke
OS=Windows_NT
PROCESSOR_IDENTIFIER=Intel64 Family 6 Model 58 Stepping 9, GenuineIntel



---------------  S Y S T E M  ---------------

OS: Windows 7 , 64 bit Build 7601 Service Pack 1

CPU:total 4 (2 cores per cpu, 2 threads per core) family 6 model 58 stepping 9, cmov, cx8, fxsr, mmx, sse, sse2, sse3, ssse3, sse4.1, sse4.2, popcnt, avx, aes, erms, ht, tsc, tscinvbit, tscinv

Memory: 4k page, physical 4073288k(207784k free), swap 8144724k(2207224k free)

vm_info: Java HotSpot(TM) 64-Bit Server VM (24.75-b04) for windows-amd64 JRE (1.7.0_75-b13), built on Dec 18 2014 17:15:01 by "java_re" with unknown MS VC++:1600

time: Sun May 24 10:46:01 2015
elapsed time: 78 seconds

